<?xml version="1.0" encoding="UTF-8"?>
<!-- Generated by org.testng.reporters.JUnitXMLReporter -->
<testsuite ignored="0" hostname="DESKTOP-CBFC25M" failures="0" tests="3" name="Test" time="0.288" errors="0" timestamp="2022-02-02T12:01:21 IST">
  <testcase classname="mysele.ExtentDemo1" name="@BeforeClass beforeClass" time="0.224">
    <failure type="java.lang.IllegalStateException" message="The path to the driver executable The path to the driver executable must be set by the webdriver.chrome.driver system property; for more information, see https://github.com/SeleniumHQ/selenium/wiki/ChromeDriver. The latest version can be downloaded from https://chromedriver.storage.googleapis.com/index.html">
      <![CDATA[java.lang.IllegalStateException: The path to the driver executable The path to the driver executable must be set by the webdriver.chrome.driver system property; for more information, see https://github.com/SeleniumHQ/selenium/wiki/ChromeDriver. The latest version can be downloaded from https://chromedriver.storage.googleapis.com/index.html
at org.openqa.selenium.internal.Require$StateChecker.nonNull(Require.java:280)
at org.openqa.selenium.remote.service.DriverService.findExecutable(DriverService.java:132)
at org.openqa.selenium.chrome.ChromeDriverService.access$000(ChromeDriverService.java:38)
at org.openqa.selenium.chrome.ChromeDriverService$Builder.findDefaultExecutable(ChromeDriverService.java:231)
at org.openqa.selenium.remote.service.DriverService$Builder.build(DriverService.java:434)
at org.openqa.selenium.chrome.ChromeDriverService.createDefaultService(ChromeDriverService.java:127)
at org.openqa.selenium.chrome.ChromeDriver.<init>(ChromeDriver.java:46)
at mysele.ExtentDemo1.beforeClass(ExtentDemo1.java:45)
at java.base/java.util.ArrayList.forEach(ArrayList.java:1511)
... Removed 25 stack frames]]>
    </failure>
  </testcase> <!-- @BeforeClass beforeClass -->
  <testcase classname="mysele.ExtentDemo1" name="@AfterClass afterClass" time="-1.643783481517E9">
    <skipped/>
  </testcase> <!-- @AfterClass afterClass -->
  <testcase classname="mysele.ExtentDemo1" name="testFailed" time="0.0">
    <skipped/>
  </testcase> <!-- testFailed -->
  <testcase classname="mysele.ExtentDemo1" name="testSkipped" time="0.0">
    <skipped/>
  </testcase> <!-- testSkipped -->
  <testcase classname="mysele.ExtentDemo1" name="testSuccessful" time="0.0">
    <skipped/>
  </testcase> <!-- testSuccessful -->
</testsuite> <!-- Test -->
